#
# A fatal error has been detected by the Java Runtime Environment:
#
#  EXCEPTION_ACCESS_VIOLATION (0xc0000005) at pc=0x0000005b055cf000, pid=20368, tid=0x00000000000022e4
#
# JRE version: Java(TM) SE Runtime Environment (8.0_181-b13) (build 1.8.0_181-b13)
# Java VM: Java HotSpot(TM) 64-Bit Server VM (25.181-b13 mixed mode windows-amd64 compressed oops)
# Problematic frame:
# C  0x0000005b055cf000
#
# Failed to write core dump. Minidumps are not enabled by default on client versions of Windows
#
# If you would like to submit a bug report, please visit:
#   http://bugreport.java.com/bugreport/crash.jsp
#

---------------  T H R E A D  ---------------

Current thread (0x00000000175da000):  VMThread [stack: 0x00000000192f0000,0x00000000193f0000] [id=8932]

siginfo: ExceptionCode=0xc0000005, ExceptionInformation=0x0000000000000008 0x0000005b055cf000

Registers:
RAX=0x000000005b535ba7, RBX=0x00000000025c3800, RCX=0x0000000016ffe998, RDX=0x000000005afa3201
RSP=0x00000000193eef58, RBP=0x000000005afa3250, RSI=0x0000000000000000, RDI=0x0000000000000000
R8 =0x00000000025e0c00, R9 =0x00000000026c08da, R10=0x00000000193eefe0, R11=0x00000000194ef750
R12=0x00000000174657d8, R13=0x00000000000003d8, R14=0x0000000017465400, R15=0x00000000174657d8
RIP=0x0000005b055cf000, EFLAGS=0x0000000000010246

Top of Stack: (sp=0x00000000193eef58)
0x00000000193eef58:   000000005b1727de 00000000026ba000
0x00000000193eef68:   000000005afa3250 0000000000000028
0x00000000193eef78:   000000005afcb3ef 00000000194ef760
0x00000000193eef88:   00000000026c08da 00000000026c0790
0x00000000193eef98:   0000000000000000 00000000194ef840
0x00000000193eefa8:   00000000194ef760 00000000194ef760
0x00000000193eefb8:   00000000026c08da 00000000026c0790
0x00000000193eefc8:   0000000000000000 00000000194ef840
0x00000000193eefd8:   00000000194ef760 00000000193ef030
0x00000000193eefe8:   0000000000000000 0000000000000008
0x00000000193eeff8:   000000000245ef20 000000005b6e8728
0x00000000193ef008:   000000005b172760 00000000025c3800
0x00000000193ef018:   0000000000000000 0000000000000008
0x00000000193ef028:   00007fff57a770d0 00000000194ef750
0x00000000193ef038:   00000000194ef750 00000000026c0790
0x00000000193ef048:   0000000000000000 000000000245f650 

Instructions: (pc=0x0000005b055cf000)
0x0000005b055cefe0:   
[error occurred during error reporting (printing registers, top of stack, instructions near pc), id 0xc0000005]

Register to memory mapping:

RAX=0x000000005b535ba7 is an unknown value
RBX=0x00000000025c3800 is a thread
RCX=0x0000000016ffe998 is pointing into metadata
RDX=0x000000005afa3201 is an unknown value
RSP=0x00000000193eef58 is an unknown value
RBP=0x000000005afa3250 is an unknown value
RSI=0x0000000000000000 is an unknown value
RDI=0x0000000000000000 is an unknown value
R8 =0x00000000025e0c00 is an unknown value
R9 =0x00000000026c08da is at begin+179 in a stub
StubRoutines::call_stub [0x00000000026c0827, 0x00000000026c098b[ (356 bytes)
R10=0x00000000193eefe0 is an unknown value
R11=0x00000000194ef750 is pointing into the stack for thread: 0x00000000026ba000
R12=0x00000000174657d8 is an unknown value
R13=0x00000000000003d8 is an unknown value
R14=0x0000000017465400 is an unknown value
R15=0x00000000174657d8 is an unknown value


Stack: [0x00000000192f0000,0x00000000193f0000],  sp=0x00000000193eef58,  free space=1019k
Native frames: (J=compiled Java code, j=interpreted, Vv=VM code, C=native code)
C  0x0000005b055cf000

VM_Operation (0x0000000019ddf300): RedefineClasses, mode: safepoint, requested by thread 0x0000000019524000


---------------  P R O C E S S  ---------------

Java Threads: ( => current thread )
  0x00000000196a0800 JavaThread "Service Thread" daemon [_thread_blocked, id=16568, stack(0x000000001a3e0000,0x000000001a4e0000)]
  0x00000000195fd000 JavaThread "C1 CompilerThread3" daemon [_thread_blocked, id=18336, stack(0x000000001a2e0000,0x000000001a3e0000)]
  0x00000000195fc000 JavaThread "C2 CompilerThread2" daemon [_thread_blocked, id=3128, stack(0x000000001a1e0000,0x000000001a2e0000)]
  0x00000000195fa000 JavaThread "C2 CompilerThread1" daemon [_thread_blocked, id=5024, stack(0x000000001a0e0000,0x000000001a1e0000)]
  0x0000000019601000 JavaThread "C2 CompilerThread0" daemon [_thread_blocked, id=920, stack(0x0000000019fe0000,0x000000001a0e0000)]
  0x0000000019535000 JavaThread "JDWP Command Reader" daemon [_thread_in_native, id=6288, stack(0x0000000019ee0000,0x0000000019fe0000)]
  0x0000000019534000 JavaThread "JDWP Event Helper Thread" daemon [_thread_blocked, id=8752, stack(0x0000000019de0000,0x0000000019ee0000)]
  0x0000000019524000 JavaThread "JDWP Transport Listener: dt_socket" daemon [_thread_blocked, id=1608, stack(0x0000000019ce0000,0x0000000019de0000)]
  0x000000001951b000 JavaThread "Attach Listener" daemon [_thread_blocked, id=18820, stack(0x0000000019be0000,0x0000000019ce0000)]
  0x000000001951a800 JavaThread "Signal Dispatcher" daemon [_thread_blocked, id=13540, stack(0x0000000019ae0000,0x0000000019be0000)]
  0x0000000019510800 JavaThread "Finalizer" daemon [_thread_blocked, id=1892, stack(0x00000000198f0000,0x00000000199f0000)]
  0x00000000026ba000 JavaThread "Reference Handler" daemon [_thread_blocked, id=15544, stack(0x00000000193f0000,0x00000000194f0000)]
  0x00000000025c3800 JavaThread "main" [_thread_in_native, id=19860, stack(0x0000000002360000,0x0000000002460000)]

Other Threads:
=>0x00000000175da000 VMThread [stack: 0x00000000192f0000,0x00000000193f0000] [id=8932]
  0x00000000196cf000 WatcherThread [stack: 0x000000001a4e0000,0x000000001a5e0000] [id=5096]

VM state:at safepoint (normal execution)

VM Mutex/Monitor currently owned by a thread:  ([mutex/lock_event])
[0x00000000025c0fd0] Threads_lock - owner thread: 0x00000000175da000

Heap:
 PSYoungGen      total 37888K, used 3945K [0x00000000d6300000, 0x00000000d8d00000, 0x0000000100000000)
  eden space 32768K, 12% used [0x00000000d6300000,0x00000000d66da638,0x00000000d8300000)
  from space 5120K, 0% used [0x00000000d8800000,0x00000000d8800000,0x00000000d8d00000)
  to   space 5120K, 0% used [0x00000000d8300000,0x00000000d8300000,0x00000000d8800000)
 ParOldGen       total 86016K, used 0K [0x0000000082800000, 0x0000000087c00000, 0x00000000d6300000)
  object space 86016K, 0% used [0x0000000082800000,0x0000000082800000,0x0000000087c00000)
 Metaspace       used 3834K, capacity 4704K, committed 4864K, reserved 1056768K
  class space    used 426K, capacity 464K, committed 512K, reserved 1048576K

Card table byte_map: [0x0000000011a80000,0x0000000011e70000] byte_map_base: 0x000000001166c000

Marking Bits: (ParMarkBitMap*) 0x000000005b752d00
 Begin Bits: [0x0000000012910000, 0x0000000014870000)
 End Bits:   [0x0000000014870000, 0x00000000167d0000)

Polling page: 0x0000000000aa0000

CodeCache: size=245760Kb used=1228Kb max_used=1228Kb free=244531Kb
 bounds [0x00000000026c0000, 0x0000000002930000, 0x00000000116c0000]
 total_blobs=333 nmethods=87 adapters=167
 compilation: enabled

Compilation events (10 events):
Event: 0.903 Thread 0x00000000195fd000   83       3       java.lang.Math::max (11 bytes)
Event: 0.903 Thread 0x00000000195fd000 nmethod 83 0x00000000027f2150 code [0x00000000027f22a0, 0x00000000027f2430]
Event: 0.903 Thread 0x00000000195fd000   84       1       java.nio.Buffer::limit (5 bytes)
Event: 0.903 Thread 0x00000000195fd000 nmethod 84 0x00000000027f2490 code [0x00000000027f25e0, 0x00000000027f26f0]
Event: 3.878 Thread 0x00000000195fd000   85       3       java.nio.CharBuffer::arrayOffset (35 bytes)
Event: 3.878 Thread 0x00000000195fd000 nmethod 85 0x00000000027f2750 code [0x00000000027f28e0, 0x00000000027f2bd8]
Event: 3.878 Thread 0x00000000195fd000   86       3       java.nio.Buffer::position (43 bytes)
Event: 3.878 Thread 0x00000000195fd000 nmethod 86 0x00000000027f2d10 code [0x00000000027f2e80, 0x00000000027f3168]
Event: 47.363 Thread 0x00000000195fd000   87       3       java.lang.AbstractStringBuilder::<init> (12 bytes)
Event: 47.364 Thread 0x00000000195fd000 nmethod 87 0x00000000027f3250 code [0x00000000027f33c0, 0x00000000027f3610]

GC Heap History (0 events):
No events

Deoptimization events (0 events):
No events

Classes redefined (10 events):
Event: 541.059 Thread 0x00000000175da000 redefined class name=PakuriProgram, count=2
Event: 2252.428 Thread 0x00000000175da000 redefined class name=PakuriProgram, count=3
Event: 4639.712 Thread 0x00000000175da000 redefined class name=PakuriProgram, count=4
Event: 5277.768 Thread 0x00000000175da000 redefined class name=PakuriProgram, count=5
Event: 5576.350 Thread 0x00000000175da000 redefined class name=PakuriProgram, count=6
Event: 6004.404 Thread 0x00000000175da000 redefined class name=PakuriProgram, count=7
Event: 6162.060 Thread 0x00000000175da000 redefined class name=PakuriProgram, count=8
Event: 6288.825 Thread 0x00000000175da000 redefined class name=PakuriProgram, count=9
Event: 6316.563 Thread 0x00000000175da000 redefined class name=PakuriProgram, count=10
Event: 7526.010 Thread 0x00000000175da000 redefined class name=PakuriProgram, count=11

Internal exceptions (6 events):
Event: 0.068 Thread 0x00000000025c3800 Exception <a 'java/lang/NoSuchMethodError': Method sun.misc.Unsafe.defineClass(Ljava/lang/String;[BII)Ljava/lang/Class; name or signature does not match> (0x00000000d6307cb0) thrown at [C:\re\workspace\8-2-build-windows-amd64-cygwin\jdk8u181\11358\hotspot
Event: 0.068 Thread 0x00000000025c3800 Exception <a 'java/lang/NoSuchMethodError': Method sun.misc.Unsafe.prefetchRead(Ljava/lang/Object;J)V name or signature does not match> (0x00000000d6307f98) thrown at [C:\re\workspace\8-2-build-windows-amd64-cygwin\jdk8u181\11358\hotspot\src\share\vm\prim
Event: 0.884 Thread 0x00000000025c3800 Exception <a 'java/security/PrivilegedActionException'> (0x00000000d65b72f0) thrown at [C:\re\workspace\8-2-build-windows-amd64-cygwin\jdk8u181\11358\hotspot\src\share\vm\prims\jvm.cpp, line 1435]
Event: 0.884 Thread 0x00000000025c3800 Exception <a 'java/security/PrivilegedActionException'> (0x00000000d65b76e8) thrown at [C:\re\workspace\8-2-build-windows-amd64-cygwin\jdk8u181\11358\hotspot\src\share\vm\prims\jvm.cpp, line 1435]
Event: 0.885 Thread 0x00000000025c3800 Exception <a 'java/security/PrivilegedActionException'> (0x00000000d65bb7e0) thrown at [C:\re\workspace\8-2-build-windows-amd64-cygwin\jdk8u181\11358\hotspot\src\share\vm\prims\jvm.cpp, line 1435]
Event: 0.885 Thread 0x00000000025c3800 Exception <a 'java/security/PrivilegedActionException'> (0x00000000d65bbbd8) thrown at [C:\re\workspace\8-2-build-windows-amd64-cygwin\jdk8u181\11358\hotspot\src\share\vm\prims\jvm.cpp, line 1435]

Events (10 events):
Event: 8339.233 Executing VM operation: ChangeBreakpoints done
Event: 8341.983 Executing VM operation: ChangeBreakpoints
Event: 8341.984 Executing VM operation: ChangeBreakpoints done
Event: 8341.993 Executing VM operation: ChangeBreakpoints
Event: 8341.993 Executing VM operation: ChangeBreakpoints done
Event: 8362.737 Executing VM operation: ChangeBreakpoints
Event: 8362.737 Executing VM operation: ChangeBreakpoints done
Event: 8362.738 Executing VM operation: ChangeBreakpoints
Event: 8362.738 Executing VM operation: ChangeBreakpoints done
Event: 8362.740 Executing VM operation: RedefineClasses


Dynamic libraries:
0x00007ff7edc00000 - 0x00007ff7edc37000 	C:\Program Files\Java\jdk1.8.0_181\bin\java.exe
0x00007fff57a30000 - 0x00007fff57c11000 	C:\WINDOWS\SYSTEM32\ntdll.dll
0x00007fff21db0000 - 0x00007fff21de4000 	C:\Program Files\AVG\Antivirus\x64\aswhooka.dll
0x00007fff54f20000 - 0x00007fff54fd2000 	C:\WINDOWS\System32\KERNEL32.DLL
0x00007fff53e50000 - 0x00007fff540c3000 	C:\WINDOWS\System32\KERNELBASE.dll
0x00007fff573f0000 - 0x00007fff57491000 	C:\WINDOWS\System32\ADVAPI32.dll
0x00007fff56e50000 - 0x00007fff56eee000 	C:\WINDOWS\System32\msvcrt.dll
0x00007fff54ec0000 - 0x00007fff54f1b000 	C:\WINDOWS\System32\sechost.dll
0x00007fff572c0000 - 0x00007fff573e4000 	C:\WINDOWS\System32\RPCRT4.dll
0x00007fff55170000 - 0x00007fff55300000 	C:\WINDOWS\System32\USER32.dll
0x00007fff543d0000 - 0x00007fff543f0000 	C:\WINDOWS\System32\win32u.dll
0x00007fff574c0000 - 0x00007fff574e8000 	C:\WINDOWS\System32\GDI32.dll
0x00007fff54d20000 - 0x00007fff54eb2000 	C:\WINDOWS\System32\gdi32full.dll
0x00007fff54b00000 - 0x00007fff54b9f000 	C:\WINDOWS\System32\msvcp_win.dll
0x00007fff54ba0000 - 0x00007fff54c9a000 	C:\WINDOWS\System32\ucrtbase.dll
0x00007fff3d5f0000 - 0x00007fff3d859000 	C:\WINDOWS\WinSxS\amd64_microsoft.windows.common-controls_6595b64144ccf1df_6.0.17134.345_none_fb429a5930656358\COMCTL32.dll
0x00007fff576d0000 - 0x00007fff579f3000 	C:\WINDOWS\System32\combase.dll
0x00007fff54ca0000 - 0x00007fff54d1a000 	C:\WINDOWS\System32\bcryptPrimitives.dll
0x00007fff55480000 - 0x00007fff554ad000 	C:\WINDOWS\System32\IMM32.DLL
0x000000005add0000 - 0x000000005aea2000 	C:\Program Files\Java\jdk1.8.0_181\jre\bin\msvcr100.dll
0x000000005af30000 - 0x000000005b7d2000 	C:\Program Files\Java\jdk1.8.0_181\jre\bin\server\jvm.dll
0x00007fff55a00000 - 0x00007fff55a08000 	C:\WINDOWS\System32\PSAPI.DLL
0x00007fff42f50000 - 0x00007fff42f59000 	C:\WINDOWS\SYSTEM32\WSOCK32.dll
0x00007fff56ef0000 - 0x00007fff56f5c000 	C:\WINDOWS\System32\WS2_32.dll
0x00007fff4e420000 - 0x00007fff4e443000 	C:\WINDOWS\SYSTEM32\WINMM.dll
0x00007fff416e0000 - 0x00007fff416ea000 	C:\WINDOWS\SYSTEM32\VERSION.dll
0x00007fff4e2f0000 - 0x00007fff4e31a000 	C:\WINDOWS\SYSTEM32\WINMMBASE.dll
0x00007fff53e00000 - 0x00007fff53e49000 	C:\WINDOWS\System32\cfgmgr32.dll
0x000000005bf10000 - 0x000000005bf1f000 	C:\Program Files\Java\jdk1.8.0_181\jre\bin\verify.dll
0x000000005bee0000 - 0x000000005bf09000 	C:\Program Files\Java\jdk1.8.0_181\jre\bin\java.dll
0x000000005ad50000 - 0x000000005ad85000 	C:\Program Files\Java\jdk1.8.0_181\jre\bin\jdwp.dll
0x000000005ad40000 - 0x000000005ad48000 	C:\Program Files\Java\jdk1.8.0_181\jre\bin\npt.dll
0x000000005ada0000 - 0x000000005adc3000 	C:\Program Files\Java\jdk1.8.0_181\jre\bin\instrument.dll
0x000000005bec0000 - 0x000000005bed6000 	C:\Program Files\Java\jdk1.8.0_181\jre\bin\zip.dll
0x00007fff55a10000 - 0x00007fff56e4f000 	C:\WINDOWS\System32\SHELL32.dll
0x00007fff550c0000 - 0x00007fff55169000 	C:\WINDOWS\System32\shcore.dll
0x00007fff543f0000 - 0x00007fff54afd000 	C:\WINDOWS\System32\windows.storage.dll
0x00007fff55050000 - 0x00007fff550a1000 	C:\WINDOWS\System32\shlwapi.dll
0x00007fff53de0000 - 0x00007fff53df1000 	C:\WINDOWS\System32\kernel.appcore.dll
0x00007fff53d50000 - 0x00007fff53d6f000 	C:\WINDOWS\System32\profapi.dll
0x00007fff53d90000 - 0x00007fff53ddc000 	C:\WINDOWS\System32\powrprof.dll
0x00007fff53d40000 - 0x00007fff53d4a000 	C:\WINDOWS\System32\FLTLIB.DLL
0x000000005ad30000 - 0x000000005ad39000 	C:\Program Files\Java\jdk1.8.0_181\jre\bin\dt_socket.dll
0x00007fff535c0000 - 0x00007fff53626000 	C:\WINDOWS\system32\mswsock.dll
0x00007fff52680000 - 0x00007fff52849000 	C:\WINDOWS\SYSTEM32\dbghelp.dll

VM Arguments:
jvm_args: -agentlib:jdwp=transport=dt_socket,address=127.0.0.1:64868,suspend=y,server=n -javaagent:C:\Users\laurn\.IntelliJIdea2018.2\system\captureAgent\debugger-agent.jar=file:/C:/Users/laurn/AppData/Local/Temp/capture.props -Dfile.encoding=UTF-8 
java_command: PakuriProgram
java_class_path (initial): C:\Program Files\Java\jdk1.8.0_181\jre\lib\charsets.jar;C:\Program Files\Java\jdk1.8.0_181\jre\lib\deploy.jar;C:\Program Files\Java\jdk1.8.0_181\jre\lib\ext\access-bridge-64.jar;C:\Program Files\Java\jdk1.8.0_181\jre\lib\ext\cldrdata.jar;C:\Program Files\Java\jdk1.8.0_181\jre\lib\ext\dnsns.jar;C:\Program Files\Java\jdk1.8.0_181\jre\lib\ext\jaccess.jar;C:\Program Files\Java\jdk1.8.0_181\jre\lib\ext\jfxrt.jar;C:\Program Files\Java\jdk1.8.0_181\jre\lib\ext\localedata.jar;C:\Program Files\Java\jdk1.8.0_181\jre\lib\ext\nashorn.jar;C:\Program Files\Java\jdk1.8.0_181\jre\lib\ext\sunec.jar;C:\Program Files\Java\jdk1.8.0_181\jre\lib\ext\sunjce_provider.jar;C:\Program Files\Java\jdk1.8.0_181\jre\lib\ext\sunmscapi.jar;C:\Program Files\Java\jdk1.8.0_181\jre\lib\ext\sunpkcs11.jar;C:\Program Files\Java\jdk1.8.0_181\jre\lib\ext\zipfs.jar;C:\Program Files\Java\jdk1.8.0_181\jre\lib\javaws.jar;C:\Program Files\Java\jdk1.8.0_181\jre\lib\jce.jar;C:\Program Files\Java\jdk1.8.0_181\jre\lib\jfr.jar;C:\Program Files\Java\jdk1.8.0_181\jre\lib\jfxswt.jar;C:\Program Files\Java\jdk1.8.0_181\jre\lib\jsse.jar;C:\Program Files\Java\jdk1.8.0_181\jre\lib\management-agent.jar;C:\Program Files\Java\jdk1.8.0_181\jre\lib\plugin.jar;C:\Program Files\Java\jdk1.8.0_181\jre\lib\resources.jar;C:\Program Files\Java\jdk1.8.0_181\jre\lib\rt.jar;C:\Users\laurn\IdeaProjects\Project 3\out\production\Project 3;C:\Program Files\JetBrains\IntelliJ IDEA 2018.2.2\lib\idea_rt.jar;C:\Users\laurn\.IntelliJIdea2018.2\system\captureAgent\debugger-agent.jar
Launcher Type: SUN_STANDARD

Environment Variables:
PATH=C:\Program Files (x86)\Common Files\Oracle\Java\javapath;C:\Program Files (x86)\Intel\Intel(R) Management Engine Components\iCLS\;C:\Program Files\Intel\Intel(R) Management Engine Components\iCLS\;C:\WINDOWS\system32;C:\WINDOWS;C:\WINDOWS\System32\Wbem;C:\WINDOWS\System32\WindowsPowerShell\v1.0\;C:\Program Files (x86)\Intel\Intel(R) Management Engine Components\DAL;C:\Program Files\Intel\Intel(R) Management Engine Components\DAL;C:\Program Files (x86)\Intel\Intel(R) Management Engine Components\IPT;C:\Program Files\Intel\Intel(R) Management Engine Components\IPT;C:\WINDOWS\System32\OpenSSH\;C:\Program Files\Intel\WiFi\bin\;C:\Program Files\Common Files\Intel\WirelessCommon\;C:\Users\laurn\AppData\Local\Microsoft\WindowsApps;
USERNAME=laurn
OS=Windows_NT
PROCESSOR_IDENTIFIER=Intel64 Family 6 Model 142 Stepping 10, GenuineIntel



---------------  S Y S T E M  ---------------

OS: Windows 10.0 , 64 bit Build 17134 (10.0.17134.1)

CPU:total 8 (initial active 8) (4 cores per cpu, 2 threads per core) family 6 model 142 stepping 10, cmov, cx8, fxsr, mmx, sse, sse2, sse3, ssse3, sse4.1, sse4.2, popcnt, avx, avx2, aes, clmul, erms, 3dnowpref, lzcnt, ht, tsc, tscinvbit, bmi1, bmi2, adx

Memory: 4k page, physical 8218728k(2250636k free), swap 18548860k(2396756k free)

vm_info: Java HotSpot(TM) 64-Bit Server VM (25.181-b13) for windows-amd64 JRE (1.8.0_181-b13), built on Jul  7 2018 04:01:33 by "java_re" with MS VC++ 10.0 (VS2010)

time: Mon Oct 15 20:32:57 2018
elapsed time: 8362 seconds (0d 2h 19m 22s)

